#
# A fatal error has been detected by the Java Runtime Environment:
#
#  EXCEPTION_ILLEGAL_INSTRUCTION (0xc000001d) at pc=0x00007ffb41eb99c6, pid=5768, tid=15116
#
# JRE version: OpenJDK Runtime Environment JBR-21.0.4+13-509.17-jcef (21.0.4+13) (build 21.0.4+13-b509.17)
# Java VM: OpenJDK 64-Bit Server VM JBR-21.0.4+13-509.17-jcef (21.0.4+13-b509.17, mixed mode, tiered, compressed oops, compressed class ptrs, g1 gc, windows-amd64)
# Problematic frame:
# V  [jvm.dll+0x6e99c6]
#
# No core dump will be written. Minidumps are not enabled by default on client versions of Windows
#
# If you would like to submit a bug report, please visit:
#   https://youtrack.jetbrains.com/issues/JBR
#

---------------  S U M M A R Y ------------

Command Line: git4idea.http.GitAskPassApp Username for 'https://github.com': 

Host: 11th Gen Intel(R) Core(TM) i5-11400 @ 2.60GHz, 12 cores, 15G,  Windows 10 , 64 bit Build 19041 (10.0.19041.3636)
Time: Wed Jul 23 08:35:38 2025  Windows 10 , 64 bit Build 19041 (10.0.19041.3636) elapsed time: 0.276564 seconds (0d 0h 0m 0s)

---------------  T H R E A D  ---------------

Current thread (0x000001a9fe98f210):  JavaThread "C2 CompilerThread0" daemon [_thread_in_native, id=15116, stack(0x0000000e8b600000,0x0000000e8b700000) (1024K)]


Current CompileTask:
C2:    276  299       4       java.lang.StringLatin1::toUpperCase (186 bytes)

Stack: [0x0000000e8b600000,0x0000000e8b700000],  sp=0x0000000e8b6fc430,  free space=1009k
Native frames: (J=compiled Java code, j=interpreted, Vv=VM code, C=native code)
V  [jvm.dll+0x6e99c6]
V  [jvm.dll+0x156b6]
V  [jvm.dll+0x6eb79a]
V  [jvm.dll+0x6ebaf4]
V  [jvm.dll+0x6e8a0c]
V  [jvm.dll+0x24ff3f]
V  [jvm.dll+0x24f141]
V  [jvm.dll+0x1cd074]
V  [jvm.dll+0x25e88c]
V  [jvm.dll+0x25cdd6]
V  [jvm.dll+0x3fdff6]
V  [jvm.dll+0x868868]
V  [jvm.dll+0x6e1edd]
C  [ucrtbase.dll+0x21bb2]
C  [KERNEL32.DLL+0x17344]
C  [ntdll.dll+0x526b1]


siginfo: EXCEPTION_ILLEGAL_INSTRUCTION (0xc000001d)


Registers:
RAX=0x00007ffb42145380, RBX=0x0000000000000002, RCX=0x0000000e8b6fd2f0, RDX=0x0000000308000000
RSP=0x0000000e8b6fc430, RBP=0x0000000e8b6fc509, RSI=0x0000000e8b6fc5a0, RDI=0x0000000e8b6fe280
R8 =0x0000000e8b6fcd90, R9 =0x0000000e8b6fc658, R10=0x0000000000000008, R11=0x0000000e8b6fc5a0
R12=0x0000000000000000, R13=0x000001a9feca4f14, R14=0x0000000000000080, R15=0x0000000e8b6fd2f0
RIP=0x00007ffb41eb99c6, EFLAGS=0x0000000000010202


Register to memory mapping:

RAX=0x00007ffb42145380 jvm.dll
RBX=0x0000000000000002 is an unknown value
RCX=0x0000000e8b6fd2f0 is pointing into the stack for thread: 0x000001a9fe98f210
RDX=0x0000000308000000 is an unknown value
RSP=0x0000000e8b6fc430 is pointing into the stack for thread: 0x000001a9fe98f210
RBP=0x0000000e8b6fc509 is pointing into the stack for thread: 0x000001a9fe98f210
RSI=0x0000000e8b6fc5a0 is pointing into the stack for thread: 0x000001a9fe98f210
RDI=0x0000000e8b6fe280 is pointing into the stack for thread: 0x000001a9fe98f210
R8 =0x0000000e8b6fcd90 is pointing into the stack for thread: 0x000001a9fe98f210
R9 =0x0000000e8b6fc658 is pointing into the stack for thread: 0x000001a9fe98f210
R10=0x0000000000000008 is an unknown value
R11=0x0000000e8b6fc5a0 is pointing into the stack for thread: 0x000001a9fe98f210
R12=0x0 is null
R13=0x000001a9feca4f14 points into unknown readable memory: 00 00 00 00
R14=0x0000000000000080 is an unknown value
R15=0x0000000e8b6fd2f0 is pointing into the stack for thread: 0x000001a9fe98f210

Top of Stack: (sp=0x0000000e8b6fc430)
0x0000000e8b6fc430:   0000000e8b6fe280 00007ffb417e56b6
0x0000000e8b6fc440:   0000000000000002 0000000000001b25
0x0000000e8b6fc450:   0000000000001b25 000001a903000704
0x0000000e8b6fc460:   000001a9f0569e60 00007ffb7da2e249
0x0000000e8b6fc470:   00007ffb42145380 0000000e8b6fc600
0x0000000e8b6fc480:   0000000e8b6fc6d8 0000000000000000
0x0000000e8b6fc490:   0000000000000000 000001a9fef41d40
0x0000000e8b6fc4a0:   0000000000001b25 00007ffb7da2ead2
0x0000000e8b6fc4b0:   000001a9fef41d30 000001a9fee30000
0x0000000e8b6fc4c0:   000001a9f0560000 000001a902000002
0x0000000e8b6fc4d0:   00000000000003ff 0000000000001b25
0x0000000e8b6fc4e0:   000001a9fef45b70 00007ffb03000704
0x0000000e8b6fc4f0:   000001a9fee98c00 000001a9fef5cf80
0x0000000e8b6fc500:   0000000000000000 0000000000000000
0x0000000e8b6fc510:   0000000000001b25 00007ffb7da2e430
0x0000000e8b6fc520:   000001a9f0560000 0000000e8b6fc589
0x0000000e8b6fc530:   00000a60d5be41a6 000001a9fef41d30
0x0000000e8b6fc540:   0000000e8b6fd2f0 000001a9febfae08
0x0000000e8b6fc550:   0000000000000000 000001a98769ae00
0x0000000e8b6fc560:   0000000e8b6fc670 00007ffb41ebb79a
0x0000000e8b6fc570:   0000000000000002 00000000000018c0
0x0000000e8b6fc580:   0000000e8b6fc688 000001a98769c6c0
0x0000000e8b6fc590:   0000000e00000000 0000000000000000
0x0000000e8b6fc5a0:   00007ffb421ce358 000001a98769b6c0
0x0000000e8b6fc5b0:   0000000000000000 000001a98769b6c0
0x0000000e8b6fc5c0:   000001a98769c6c0 000001a98769c6c0
0x0000000e8b6fc5d0:   000001a98769c6c0 000001a98769c714
0x0000000e8b6fc5e0:   000001a98769b6c0 000000007da30100
0x0000000e8b6fc5f0:   000001a9f0560000 0000000e8b6fc5a0
0x0000000e8b6fc600:   000001a98769ae00 0000000000000000
0x0000000e8b6fc610:   000001a98769ae00 000001a98769b600
0x0000000e8b6fc620:   000001a98769c718 000001a98769c718 

Instructions: (pc=0x00007ffb41eb99c6)
0x00007ffb41eb98c6:   00 4c 8b c6 49 8d 4d 68 41 8b d6 e8 0a 39 9a ff
0x00007ffb41eb98d6:   e9 02 fe ff ff 41 8b d6 49 8d 4d 68 e8 b9 4d fd
0x00007ffb41eb98e6:   ff 49 8b 45 78 4a 89 34 f0 e9 f8 fd ff ff cc cc
0x00007ffb41eb98f6:   cc cc cc cc cc cc cc cc cc cc 41 83 f9 ff 0f 84
0x00007ffb41eb9906:   ac 00 00 00 48 89 5c 24 10 48 89 6c 24 18 56 48
0x00007ffb41eb9916:   83 ec 20 49 8b e8 48 8b da 48 8b f1 44 3b 49 70
0x00007ffb41eb9926:   73 7f 48 8b 41 78 45 8b c9 48 89 7c 24 30 4a 8b
0x00007ffb41eb9936:   3c c8 48 85 ff 74 65 48 8b 41 08 48 8b 48 78 8b
0x00007ffb41eb9946:   47 28 48 39 14 c1 75 54 41 8b 40 28 48 39 14 c1
0x00007ffb41eb9956:   75 4a 48 8b 07 48 8b cf ff 10 85 c0 75 33 83 7f
0x00007ffb41eb9966:   18 01 75 2d 33 d2 48 8b cf e8 fc 3d fd ff 48 8b
0x00007ffb41eb9976:   d5 48 8b cb e8 51 a0 a5 ff 4c 8b c7 48 8d 4b 10
0x00007ffb41eb9986:   8d 50 01 e8 02 52 fd ff ff 43 28 ff 86 b4 00 00
0x00007ffb41eb9996:   00 48 8b d5 48 8b cf e8 8e fb ff ff 48 8b 7c 24
0x00007ffb41eb99a6:   30 48 8b 5c 24 38 48 8b 6c 24 40 48 83 c4 20 5e
0x00007ffb41eb99b6:   c3 cc cc cc cc cc cc cc cc cc 48 89 5c 24 08 57
0x00007ffb41eb99c6:   48 83 ec 20 48 8b 41 08 8b 99 48 02 00 00 c1 e3
0x00007ffb41eb99d6:   02 8b b8 e0 08 00 00 e8 0e 99 ff ff 03 c3 48 8b
0x00007ffb41eb99e6:   5c 24 30 3b c7 0f 4f f8 8b c7 48 83 c4 20 5f c3
0x00007ffb41eb99f6:   cc cc cc cc cc cc cc cc cc cc 48 89 5c 24 08 48
0x00007ffb41eb9a06:   89 6c 24 10 48 89 74 24 18 57 41 56 41 57 48 81
0x00007ffb41eb9a16:   ec 80 00 00 00 48 8b 69 08 45 33 ff 8b 79 10 8b
0x00007ffb41eb9a26:   d7 48 8b 01 4c 89 79 08 48 8b 88 68 01 00 00 48
0x00007ffb41eb9a36:   8b 71 48 48 8b ce e8 4f 06 ba ff 44 8b 75 08 bb
0x00007ffb41eb9a46:   01 00 00 00 44 3b f3 7c 72 90 8b d3 48 8b cd e8
0x00007ffb41eb9a56:   c6 bf ae ff 4c 89 7c 24 68 4c 8d 44 24 70 4c 89
0x00007ffb41eb9a66:   7c 24 60 0f 57 c0 4c 89 7c 24 58 8b d7 4c 8b 48
0x00007ffb41eb9a76:   30 44 88 7c 24 50 44 88 7c 24 48 44 88 7c 24 40
0x00007ffb41eb9a86:   f3 0f 7f 44 24 70 83 78 28 01 8b 40 24 0f 94 c1
0x00007ffb41eb9a96:   44 88 7c 24 38 44 88 7c 24 30 88 4c 24 28 48 8b
0x00007ffb41eb9aa6:   ce 89 44 24 20 e8 30 07 ba ff 48 8d 4c 24 70 e8
0x00007ffb41eb9ab6:   16 1b cc ff ff c3 41 3b de 7e 8f 45 33 c0 8b d7 


Stack slot to memory mapping:

stack at sp + 0 slots: 0x0000000e8b6fe280 is pointing into the stack for thread: 0x000001a9fe98f210
stack at sp + 1 slots: 0x00007ffb417e56b6 jvm.dll
stack at sp + 2 slots: 0x0000000000000002 is an unknown value
stack at sp + 3 slots: 0x0000000000001b25 is an unknown value
stack at sp + 4 slots: 0x0000000000001b25 is an unknown value
stack at sp + 5 slots: 0x000001a903000704 is an unknown value
stack at sp + 6 slots: 0x000001a9f0569e60 points into unknown readable memory: 0x0000000000000000 | 00 00 00 00 00 00 00 00
stack at sp + 7 slots: 0x00007ffb7da2e249 ntdll.dll


---------------  P R O C E S S  ---------------

Threads class SMR info:
_java_thread_list=0x000001a9febaba00, length=12, elements={
0x000001a9f271d8c0, 0x000001a9fe986f60, 0x000001a9fe987f30, 0x000001a9fe98b090,
0x000001a9fe98cc60, 0x000001a9fe98d870, 0x000001a9fe98e480, 0x000001a9fe98f210,
0x000001a9fe9901c0, 0x000001a9feb52170, 0x000001a9feb54210, 0x000001a9fee99270
}

Java Threads: ( => current thread )
  0x000001a9f271d8c0 JavaThread "main"                              [_thread_in_native, id=14252, stack(0x0000000e8a800000,0x0000000e8a900000) (1024K)]
  0x000001a9fe986f60 JavaThread "Reference Handler"          daemon [_thread_blocked, id=14444, stack(0x0000000e8b000000,0x0000000e8b100000) (1024K)]
  0x000001a9fe987f30 JavaThread "Finalizer"                  daemon [_thread_blocked, id=12528, stack(0x0000000e8b100000,0x0000000e8b200000) (1024K)]
  0x000001a9fe98b090 JavaThread "Signal Dispatcher"          daemon [_thread_blocked, id=10088, stack(0x0000000e8b200000,0x0000000e8b300000) (1024K)]
  0x000001a9fe98cc60 JavaThread "Attach Listener"            daemon [_thread_blocked, id=3724, stack(0x0000000e8b300000,0x0000000e8b400000) (1024K)]
  0x000001a9fe98d870 JavaThread "Service Thread"             daemon [_thread_blocked, id=18472, stack(0x0000000e8b400000,0x0000000e8b500000) (1024K)]
  0x000001a9fe98e480 JavaThread "Monitor Deflation Thread"   daemon [_thread_blocked, id=10140, stack(0x0000000e8b500000,0x0000000e8b600000) (1024K)]
=>0x000001a9fe98f210 JavaThread "C2 CompilerThread0"         daemon [_thread_in_native, id=15116, stack(0x0000000e8b600000,0x0000000e8b700000) (1024K)]
  0x000001a9fe9901c0 JavaThread "C1 CompilerThread0"         daemon [_thread_blocked, id=19436, stack(0x0000000e8b700000,0x0000000e8b800000) (1024K)]
  0x000001a9feb52170 JavaThread "Notification Thread"        daemon [_thread_blocked, id=11588, stack(0x0000000e8b800000,0x0000000e8b900000) (1024K)]
  0x000001a9feb54210 JavaThread "Common-Cleaner"             daemon [_thread_blocked, id=14364, stack(0x0000000e8b900000,0x0000000e8ba00000) (1024K)]
  0x000001a9fee99270 JavaThread "C2 CompilerThread1"         daemon [_thread_blocked, id=8076, stack(0x0000000e8ba00000,0x0000000e8bb00000) (1024K)]
Total: 12

Other Threads:
  0x000001a9fe920060 VMThread "VM Thread"                           [id=10612, stack(0x0000000e8af00000,0x0000000e8b000000) (1024K)]
  0x000001a9fe769c10 WatcherThread "VM Periodic Task Thread"        [id=16336, stack(0x0000000e8ae00000,0x0000000e8af00000) (1024K)]
  0x000001a9f277f160 WorkerThread "GC Thread#0"                     [id=18568, stack(0x0000000e8a900000,0x0000000e8aa00000) (1024K)]
  0x000001a9f2790f60 ConcurrentGCThread "G1 Main Marker"            [id=18480, stack(0x0000000e8aa00000,0x0000000e8ab00000) (1024K)]
  0x000001a9f2791c10 WorkerThread "G1 Conc#0"                       [id=4204, stack(0x0000000e8ab00000,0x0000000e8ac00000) (1024K)]
  0x000001a9fe62d550 ConcurrentGCThread "G1 Refine#0"               [id=7388, stack(0x0000000e8ac00000,0x0000000e8ad00000) (1024K)]
  0x000001a9fe62ff70 ConcurrentGCThread "G1 Service"                [id=19360, stack(0x0000000e8ad00000,0x0000000e8ae00000) (1024K)]
Total: 7

Threads with active compile tasks:
C2 CompilerThread0      294  299       4       java.lang.StringLatin1::toUpperCase (186 bytes)
Total: 1

VM state: not at safepoint (normal execution)

VM Mutex/Monitor currently owned by a thread: None

Heap address: 0x0000000701e00000, size: 4066 MB, Compressed Oops mode: Zero based, Oop shift amount: 3

CDS archive(s) not mapped
Compressed class space mapped at: 0x0000000800000000-0x0000000840000000, reserved size: 1073741824
Narrow klass base: 0x0000000800000000, Narrow klass shift: 0, Narrow klass range: 0x40000000

GC Precious Log:
 CardTable entry size: 512
 Card Set container configuration: InlinePtr #cards 4 size 8 Array Of Cards #cards 16 size 48 Howl #buckets 8 coarsen threshold 3686 Howl Bitmap #cards 512 size 80 coarsen threshold 460 Card regions per heap region 1 cards per card region 4096
 CPUs: 12 total, 12 available
 Memory: 16263M
 Large Page Support: Disabled
 NUMA Support: Disabled
 Compressed Oops: Enabled (Zero based)
 Heap Region Size: 2M
 Heap Min Capacity: 8M
 Heap Initial Capacity: 256M
 Heap Max Capacity: 4066M
 Pre-touch: Disabled
 Parallel Workers: 10
 Concurrent Workers: 3
 Concurrent Refinement Workers: 10
 Periodic GC: Disabled

Heap:
 garbage-first heap   total 262144K, used 4096K [0x0000000701e00000, 0x0000000800000000)
  region size 2048K, 3 young (6144K), 0 survivors (0K)
 Metaspace       used 10898K, committed 11072K, reserved 1114112K
  class space    used 937K, committed 1024K, reserved 1048576K

Heap Regions: E=young(eden), S=young(survivor), O=old, HS=humongous(starts), HC=humongous(continues), CS=collection set, F=free, TAMS=top-at-mark-start, PB=parsable bottom
|   0|0x0000000701e00000, 0x0000000701e00000, 0x0000000702000000|  0%| F|  |TAMS 0x0000000701e00000| PB 0x0000000701e00000| Untracked 
|   1|0x0000000702000000, 0x0000000702000000, 0x0000000702200000|  0%| F|  |TAMS 0x0000000702000000| PB 0x0000000702000000| Untracked 
|   2|0x0000000702200000, 0x0000000702200000, 0x0000000702400000|  0%| F|  |TAMS 0x0000000702200000| PB 0x0000000702200000| Untracked 
|   3|0x0000000702400000, 0x0000000702400000, 0x0000000702600000|  0%| F|  |TAMS 0x0000000702400000| PB 0x0000000702400000| Untracked 
|   4|0x0000000702600000, 0x0000000702600000, 0x0000000702800000|  0%| F|  |TAMS 0x0000000702600000| PB 0x0000000702600000| Untracked 
|   5|0x0000000702800000, 0x0000000702800000, 0x0000000702a00000|  0%| F|  |TAMS 0x0000000702800000| PB 0x0000000702800000| Untracked 
|   6|0x0000000702a00000, 0x0000000702a00000, 0x0000000702c00000|  0%| F|  |TAMS 0x0000000702a00000| PB 0x0000000702a00000| Untracked 
|   7|0x0000000702c00000, 0x0000000702c00000, 0x0000000702e00000|  0%| F|  |TAMS 0x0000000702c00000| PB 0x0000000702c00000| Untracked 
|   8|0x0000000702e00000, 0x0000000702e00000, 0x0000000703000000|  0%| F|  |TAMS 0x0000000702e00000| PB 0x0000000702e00000| Untracked 
|   9|0x0000000703000000, 0x0000000703000000, 0x0000000703200000|  0%| F|  |TAMS 0x0000000703000000| PB 0x0000000703000000| Untracked 
|  10|0x0000000703200000, 0x0000000703200000, 0x0000000703400000|  0%| F|  |TAMS 0x0000000703200000| PB 0x0000000703200000| Untracked 
|  11|0x0000000703400000, 0x0000000703400000, 0x0000000703600000|  0%| F|  |TAMS 0x0000000703400000| PB 0x0000000703400000| Untracked 
|  12|0x0000000703600000, 0x0000000703600000, 0x0000000703800000|  0%| F|  |TAMS 0x0000000703600000| PB 0x0000000703600000| Untracked 
|  13|0x0000000703800000, 0x0000000703800000, 0x0000000703a00000|  0%| F|  |TAMS 0x0000000703800000| PB 0x0000000703800000| Untracked 
|  14|0x0000000703a00000, 0x0000000703a00000, 0x0000000703c00000|  0%| F|  |TAMS 0x0000000703a00000| PB 0x0000000703a00000| Untracked 
|  15|0x0000000703c00000, 0x0000000703c00000, 0x0000000703e00000|  0%| F|  |TAMS 0x0000000703c00000| PB 0x0000000703c00000| Untracked 
|  16|0x0000000703e00000, 0x0000000703e00000, 0x0000000704000000|  0%| F|  |TAMS 0x0000000703e00000| PB 0x0000000703e00000| Untracked 
|  17|0x0000000704000000, 0x0000000704000000, 0x0000000704200000|  0%| F|  |TAMS 0x0000000704000000| PB 0x0000000704000000| Untracked 
|  18|0x0000000704200000, 0x0000000704200000, 0x0000000704400000|  0%| F|  |TAMS 0x0000000704200000| PB 0x0000000704200000| Untracked 
|  19|0x0000000704400000, 0x0000000704400000, 0x0000000704600000|  0%| F|  |TAMS 0x0000000704400000| PB 0x0000000704400000| Untracked 
|  20|0x0000000704600000, 0x0000000704600000, 0x0000000704800000|  0%| F|  |TAMS 0x0000000704600000| PB 0x0000000704600000| Untracked 
|  21|0x0000000704800000, 0x0000000704800000, 0x0000000704a00000|  0%| F|  |TAMS 0x0000000704800000| PB 0x0000000704800000| Untracked 
|  22|0x0000000704a00000, 0x0000000704a00000, 0x0000000704c00000|  0%| F|  |TAMS 0x0000000704a00000| PB 0x0000000704a00000| Untracked 
|  23|0x0000000704c00000, 0x0000000704c00000, 0x0000000704e00000|  0%| F|  |TAMS 0x0000000704c00000| PB 0x0000000704c00000| Untracked 
|  24|0x0000000704e00000, 0x0000000704e00000, 0x0000000705000000|  0%| F|  |TAMS 0x0000000704e00000| PB 0x0000000704e00000| Untracked 
|  25|0x0000000705000000, 0x0000000705000000, 0x0000000705200000|  0%| F|  |TAMS 0x0000000705000000| PB 0x0000000705000000| Untracked 
|  26|0x0000000705200000, 0x0000000705200000, 0x0000000705400000|  0%| F|  |TAMS 0x0000000705200000| PB 0x0000000705200000| Untracked 
|  27|0x0000000705400000, 0x0000000705400000, 0x0000000705600000|  0%| F|  |TAMS 0x0000000705400000| PB 0x0000000705400000| Untracked 
|  28|0x0000000705600000, 0x0000000705600000, 0x0000000705800000|  0%| F|  |TAMS 0x0000000705600000| PB 0x0000000705600000| Untracked 
|  29|0x0000000705800000, 0x0000000705800000, 0x0000000705a00000|  0%| F|  |TAMS 0x0000000705800000| PB 0x0000000705800000| Untracked 
|  30|0x0000000705a00000, 0x0000000705a00000, 0x0000000705c00000|  0%| F|  |TAMS 0x0000000705a00000| PB 0x0000000705a00000| Untracked 
|  31|0x0000000705c00000, 0x0000000705c00000, 0x0000000705e00000|  0%| F|  |TAMS 0x0000000705c00000| PB 0x0000000705c00000| Untracked 
|  32|0x0000000705e00000, 0x0000000705e00000, 0x0000000706000000|  0%| F|  |TAMS 0x0000000705e00000| PB 0x0000000705e00000| Untracked 
|  33|0x0000000706000000, 0x0000000706000000, 0x0000000706200000|  0%| F|  |TAMS 0x0000000706000000| PB 0x0000000706000000| Untracked 
|  34|0x0000000706200000, 0x0000000706200000, 0x0000000706400000|  0%| F|  |TAMS 0x0000000706200000| PB 0x0000000706200000| Untracked 
|  35|0x0000000706400000, 0x0000000706400000, 0x0000000706600000|  0%| F|  |TAMS 0x0000000706400000| PB 0x0000000706400000| Untracked 
|  36|0x0000000706600000, 0x0000000706600000, 0x0000000706800000|  0%| F|  |TAMS 0x0000000706600000| PB 0x0000000706600000| Untracked 
|  37|0x0000000706800000, 0x0000000706800000, 0x0000000706a00000|  0%| F|  |TAMS 0x0000000706800000| PB 0x0000000706800000| Untracked 
|  38|0x0000000706a00000, 0x0000000706a00000, 0x0000000706c00000|  0%| F|  |TAMS 0x0000000706a00000| PB 0x0000000706a00000| Untracked 
|  39|0x0000000706c00000, 0x0000000706c00000, 0x0000000706e00000|  0%| F|  |TAMS 0x0000000706c00000| PB 0x0000000706c00000| Untracked 
|  40|0x0000000706e00000, 0x0000000706e00000, 0x0000000707000000|  0%| F|  |TAMS 0x0000000706e00000| PB 0x0000000706e00000| Untracked 
|  41|0x0000000707000000, 0x0000000707000000, 0x0000000707200000|  0%| F|  |TAMS 0x0000000707000000| PB 0x0000000707000000| Untracked 
|  42|0x0000000707200000, 0x0000000707200000, 0x0000000707400000|  0%| F|  |TAMS 0x0000000707200000| PB 0x0000000707200000| Untracked 
|  43|0x0000000707400000, 0x0000000707400000, 0x0000000707600000|  0%| F|  |TAMS 0x0000000707400000| PB 0x0000000707400000| Untracked 
|  44|0x0000000707600000, 0x0000000707600000, 0x0000000707800000|  0%| F|  |TAMS 0x0000000707600000| PB 0x0000000707600000| Untracked 
|  45|0x0000000707800000, 0x0000000707800000, 0x0000000707a00000|  0%| F|  |TAMS 0x0000000707800000| PB 0x0000000707800000| Untracked 
|  46|0x0000000707a00000, 0x0000000707a00000, 0x0000000707c00000|  0%| F|  |TAMS 0x0000000707a00000| PB 0x0000000707a00000| Untracked 
|  47|0x0000000707c00000, 0x0000000707c00000, 0x0000000707e00000|  0%| F|  |TAMS 0x0000000707c00000| PB 0x0000000707c00000| Untracked 
|  48|0x0000000707e00000, 0x0000000707e00000, 0x0000000708000000|  0%| F|  |TAMS 0x0000000707e00000| PB 0x0000000707e00000| Untracked 
|  49|0x0000000708000000, 0x0000000708000000, 0x0000000708200000|  0%| F|  |TAMS 0x0000000708000000| PB 0x0000000708000000| Untracked 
|  50|0x0000000708200000, 0x0000000708200000, 0x0000000708400000|  0%| F|  |TAMS 0x0000000708200000| PB 0x0000000708200000| Untracked 
|  51|0x0000000708400000, 0x0000000708400000, 0x0000000708600000|  0%| F|  |TAMS 0x0000000708400000| PB 0x0000000708400000| Untracked 
|  52|0x0000000708600000, 0x0000000708600000, 0x0000000708800000|  0%| F|  |TAMS 0x0000000708600000| PB 0x0000000708600000| Untracked 
|  53|0x0000000708800000, 0x0000000708800000, 0x0000000708a00000|  0%| F|  |TAMS 0x0000000708800000| PB 0x0000000708800000| Untracked 
|  54|0x0000000708a00000, 0x0000000708a00000, 0x0000000708c00000|  0%| F|  |TAMS 0x0000000708a00000| PB 0x0000000708a00000| Untracked 
|  55|0x0000000708c00000, 0x0000000708c00000, 0x0000000708e00000|  0%| F|  |TAMS 0x0000000708c00000| PB 0x0000000708c00000| Untracked 
|  56|0x0000000708e00000, 0x0000000708e00000, 0x0000000709000000|  0%| F|  |TAMS 0x0000000708e00000| PB 0x0000000708e00000| Untracked 
|  57|0x0000000709000000, 0x0000000709000000, 0x0000000709200000|  0%| F|  |TAMS 0x0000000709000000| PB 0x0000000709000000| Untracked 
|  58|0x0000000709200000, 0x0000000709200000, 0x0000000709400000|  0%| F|  |TAMS 0x0000000709200000| PB 0x0000000709200000| Untracked 
|  59|0x0000000709400000, 0x0000000709400000, 0x0000000709600000|  0%| F|  |TAMS 0x0000000709400000| PB 0x0000000709400000| Untracked 
|  60|0x0000000709600000, 0x0000000709600000, 0x0000000709800000|  0%| F|  |TAMS 0x0000000709600000| PB 0x0000000709600000| Untracked 
|  61|0x0000000709800000, 0x0000000709800000, 0x0000000709a00000|  0%| F|  |TAMS 0x0000000709800000| PB 0x0000000709800000| Untracked 
|  62|0x0000000709a00000, 0x0000000709a00000, 0x0000000709c00000|  0%| F|  |TAMS 0x0000000709a00000| PB 0x0000000709a00000| Untracked 
|  63|0x0000000709c00000, 0x0000000709c00000, 0x0000000709e00000|  0%| F|  |TAMS 0x0000000709c00000| PB 0x0000000709c00000| Untracked 
|  64|0x0000000709e00000, 0x0000000709e00000, 0x000000070a000000|  0%| F|  |TAMS 0x0000000709e00000| PB 0x0000000709e00000| Untracked 
|  65|0x000000070a000000, 0x000000070a000000, 0x000000070a200000|  0%| F|  |TAMS 0x000000070a000000| PB 0x000000070a000000| Untracked 
|  66|0x000000070a200000, 0x000000070a200000, 0x000000070a400000|  0%| F|  |TAMS 0x000000070a200000| PB 0x000000070a200000| Untracked 
|  67|0x000000070a400000, 0x000000070a400000, 0x000000070a600000|  0%| F|  |TAMS 0x000000070a400000| PB 0x000000070a400000| Untracked 
|  68|0x000000070a600000, 0x000000070a600000, 0x000000070a800000|  0%| F|  |TAMS 0x000000070a600000| PB 0x000000070a600000| Untracked 
|  69|0x000000070a800000, 0x000000070a800000, 0x000000070aa00000|  0%| F|  |TAMS 0x000000070a800000| PB 0x000000070a800000| Untracked 
|  70|0x000000070aa00000, 0x000000070aa00000, 0x000000070ac00000|  0%| F|  |TAMS 0x000000070aa00000| PB 0x000000070aa00000| Untracked 
|  71|0x000000070ac00000, 0x000000070ac00000, 0x000000070ae00000|  0%| F|  |TAMS 0x000000070ac00000| PB 0x000000070ac00000| Untracked 
|  72|0x000000070ae00000, 0x000000070ae00000, 0x000000070b000000|  0%| F|  |TAMS 0x000000070ae00000| PB 0x000000070ae00000| Untracked 
|  73|0x000000070b000000, 0x000000070b000000, 0x000000070b200000|  0%| F|  |TAMS 0x000000070b000000| PB 0x000000070b000000| Untracked 
|  74|0x000000070b200000, 0x000000070b200000, 0x000000070b400000|  0%| F|  |TAMS 0x000000070b200000| PB 0x000000070b200000| Untracked 
|  75|0x000000070b400000, 0x000000070b400000, 0x000000070b600000|  0%| F|  |TAMS 0x000000070b400000| PB 0x000000070b400000| Untracked 
|  76|0x000000070b600000, 0x000000070b600000, 0x000000070b800000|  0%| F|  |TAMS 0x000000070b600000| PB 0x000000070b600000| Untracked 
|  77|0x000000070b800000, 0x000000070b800000, 0x000000070ba00000|  0%| F|  |TAMS 0x000000070b800000| PB 0x000000070b800000| Untracked 
|  78|0x000000070ba00000, 0x000000070ba00000, 0x000000070bc00000|  0%| F|  |TAMS 0x000000070ba00000| PB 0x000000070ba00000| Untracked 
|  79|0x000000070bc00000, 0x000000070bc00000, 0x000000070be00000|  0%| F|  |TAMS 0x000000070bc00000| PB 0x000000070bc00000| Untracked 
|  80|0x000000070be00000, 0x000000070be00000, 0x000000070c000000|  0%| F|  |TAMS 0x000000070be00000| PB 0x000000070be00000| Untracked 
|  81|0x000000070c000000, 0x000000070c000000, 0x000000070c200000|  0%| F|  |TAMS 0x000000070c000000| PB 0x000000070c000000| Untracked 
|  82|0x000000070c200000, 0x000000070c200000, 0x000000070c400000|  0%| F|  |TAMS 0x000000070c200000| PB 0x000000070c200000| Untracked 
|  83|0x000000070c400000, 0x000000070c400000, 0x000000070c600000|  0%| F|  |TAMS 0x000000070c400000| PB 0x000000070c400000| Untracked 
|  84|0x000000070c600000, 0x000000070c600000, 0x000000070c800000|  0%| F|  |TAMS 0x000000070c600000| PB 0x000000070c600000| Untracked 
|  85|0x000000070c800000, 0x000000070c800000, 0x000000070ca00000|  0%| F|  |TAMS 0x000000070c800000| PB 0x000000070c800000| Untracked 
|  86|0x000000070ca00000, 0x000000070ca00000, 0x000000070cc00000|  0%| F|  |TAMS 0x000000070ca00000| PB 0x000000070ca00000| Untracked 
|  87|0x000000070cc00000, 0x000000070cc00000, 0x000000070ce00000|  0%| F|  |TAMS 0x000000070cc00000| PB 0x000000070cc00000| Untracked 
|  88|0x000000070ce00000, 0x000000070ce00000, 0x000000070d000000|  0%| F|  |TAMS 0x000000070ce00000| PB 0x000000070ce00000| Untracked 
|  89|0x000000070d000000, 0x000000070d000000, 0x000000070d200000|  0%| F|  |TAMS 0x000000070d000000| PB 0x000000070d000000| Untracked 
|  90|0x000000070d200000, 0x000000070d200000, 0x000000070d400000|  0%| F|  |TAMS 0x000000070d200000| PB 0x000000070d200000| Untracked 
|  91|0x000000070d400000, 0x000000070d400000, 0x000000070d600000|  0%| F|  |TAMS 0x000000070d400000| PB 0x000000070d400000| Untracked 
|  92|0x000000070d600000, 0x000000070d600000, 0x000000070d800000|  0%| F|  |TAMS 0x000000070d600000| PB 0x000000070d600000| Untracked 
|  93|0x000000070d800000, 0x000000070d800000, 0x000000070da00000|  0%| F|  |TAMS 0x000000070d800000| PB 0x000000070d800000| Untracked 
|  94|0x000000070da00000, 0x000000070da00000, 0x000000070dc00000|  0%| F|  |TAMS 0x000000070da00000| PB 0x000000070da00000| Untracked 
|  95|0x000000070dc00000, 0x000000070dc00000, 0x000000070de00000|  0%| F|  |TAMS 0x000000070dc00000| PB 0x000000070dc00000| Untracked 
|  96|0x000000070de00000, 0x000000070de00000, 0x000000070e000000|  0%| F|  |TAMS 0x000000070de00000| PB 0x000000070de00000| Untracked 
|  97|0x000000070e000000, 0x000000070e000000, 0x000000070e200000|  0%| F|  |TAMS 0x000000070e000000| PB 0x000000070e000000| Untracked 
|  98|0x000000070e200000, 0x000000070e200000, 0x000000070e400000|  0%| F|  |TAMS 0x000000070e200000| PB 0x000000070e200000| Untracked 
|  99|0x000000070e400000, 0x000000070e400000, 0x000000070e600000|  0%| F|  |TAMS 0x000000070e400000| PB 0x000000070e400000| Untracked 
| 100|0x000000070e600000, 0x000000070e600000, 0x000000070e800000|  0%| F|  |TAMS 0x000000070e600000| PB 0x000000070e600000| Untracked 
| 101|0x000000070e800000, 0x000000070e800000, 0x000000070ea00000|  0%| F|  |TAMS 0x000000070e800000| PB 0x000000070e800000| Untracked 
| 102|0x000000070ea00000, 0x000000070ea00000, 0x000000070ec00000|  0%| F|  |TAMS 0x000000070ea00000| PB 0x000000070ea00000| Untracked 
| 103|0x000000070ec00000, 0x000000070ec00000, 0x000000070ee00000|  0%| F|  |TAMS 0x000000070ec00000| PB 0x000000070ec00000| Untracked 
| 104|0x000000070ee00000, 0x000000070ee00000, 0x000000070f000000|  0%| F|  |TAMS 0x000000070ee00000| PB 0x000000070ee00000| Untracked 
| 105|0x000000070f000000, 0x000000070f000000, 0x000000070f200000|  0%| F|  |TAMS 0x000000070f000000| PB 0x000000070f000000| Untracked 
| 106|0x000000070f200000, 0x000000070f200000, 0x000000070f400000|  0%| F|  |TAMS 0x000000070f200000| PB 0x000000070f200000| Untracked 
| 107|0x000000070f400000, 0x000000070f400000, 0x000000070f600000|  0%| F|  |TAMS 0x000000070f400000| PB 0x000000070f400000| Untracked 
| 108|0x000000070f600000, 0x000000070f600000, 0x000000070f800000|  0%| F|  |TAMS 0x000000070f600000| PB 0x000000070f600000| Untracked 
| 109|0x000000070f800000, 0x000000070f800000, 0x000000070fa00000|  0%| F|  |TAMS 0x000000070f800000| PB 0x000000070f800000| Untracked 
| 110|0x000000070fa00000, 0x000000070fa00000, 0x000000070fc00000|  0%| F|  |TAMS 0x000000070fa00000| PB 0x000000070fa00000| Untracked 
| 111|0x000000070fc00000, 0x000000070fc00000, 0x000000070fe00000|  0%| F|  |TAMS 0x000000070fc00000| PB 0x000000070fc00000| Untracked 
| 112|0x000000070fe00000, 0x000000070fe00000, 0x0000000710000000|  0%| F|  |TAMS 0x000000070fe00000| PB 0x000000070fe00000| Untracked 
| 113|0x0000000710000000, 0x0000000710000000, 0x0000000710200000|  0%| F|  |TAMS 0x0000000710000000| PB 0x0000000710000000| Untracked 
| 114|0x0000000710200000, 0x0000000710200000, 0x0000000710400000|  0%| F|  |TAMS 0x0000000710200000| PB 0x0000000710200000| Untracked 
| 115|0x0000000710400000, 0x0000000710400000, 0x0000000710600000|  0%| F|  |TAMS 0x0000000710400000| PB 0x0000000710400000| Untracked 
| 116|0x0000000710600000, 0x0000000710600000, 0x0000000710800000|  0%| F|  |TAMS 0x0000000710600000| PB 0x0000000710600000| Untracked 
| 117|0x0000000710800000, 0x0000000710800000, 0x0000000710a00000|  0%| F|  |TAMS 0x0000000710800000| PB 0x0000000710800000| Untracked 
| 118|0x0000000710a00000, 0x0000000710a00000, 0x0000000710c00000|  0%| F|  |TAMS 0x0000000710a00000| PB 0x0000000710a00000| Untracked 
| 119|0x0000000710c00000, 0x0000000710c00000, 0x0000000710e00000|  0%| F|  |TAMS 0x0000000710c00000| PB 0x0000000710c00000| Untracked 
| 120|0x0000000710e00000, 0x0000000710e00000, 0x0000000711000000|  0%| F|  |TAMS 0x0000000710e00000| PB 0x0000000710e00000| Untracked 
| 121|0x0000000711000000, 0x0000000711000000, 0x0000000711200000|  0%| F|  |TAMS 0x0000000711000000| PB 0x0000000711000000| Untracked 
| 122|0x0000000711200000, 0x0000000711200000, 0x0000000711400000|  0%| F|  |TAMS 0x0000000711200000| PB 0x0000000711200000| Untracked 
| 123|0x0000000711400000, 0x0000000711400000, 0x0000000711600000|  0%| F|  |TAMS 0x0000000711400000| PB 0x0000000711400000| Untracked 
| 124|0x0000000711600000, 0x0000000711600000, 0x0000000711800000|  0%| F|  |TAMS 0x0000000711600000| PB 0x0000000711600000| Untracked 
| 125|0x0000000711800000, 0x00000007119c3188, 0x0000000711a00000| 88%| E|  |TAMS 0x0000000711800000| PB 0x0000000711800000| Complete 
| 126|0x0000000711a00000, 0x0000000711c00000, 0x0000000711c00000|100%| E|CS|TAMS 0x0000000711a00000| PB 0x0000000711a00000| Complete 
| 127|0x0000000711c00000, 0x0000000711e00000, 0x0000000711e00000|100%| E|CS|TAMS 0x0000000711c00000| PB 0x0000000711c00000| Complete 

Card table byte_map: [0x000001a9f73a0000,0x000001a9f7ba0000] _byte_map_base: 0x000001a9f3b91000

Marking Bits: (CMBitMap*) 0x000001a9f277f860
 Bits: [0x000001a9f7ba0000, 0x000001a9fbb28000)

Polling page: 0x000001a9f1ef0000

Metaspace:

Usage:
  Non-class:      9.74 MB used.
      Class:    939.72 KB used.
       Both:     10.65 MB used.

Virtual space:
  Non-class space:       64.00 MB reserved,       9.81 MB ( 15%) committed,  1 nodes.
      Class space:        1.00 GB reserved,       1.00 MB ( <1%) committed,  1 nodes.
             Both:        1.06 GB reserved,      10.81 MB ( <1%) committed. 

Chunk freelists:
   Non-Class:  5.95 MB
       Class:  15.04 MB
        Both:  20.98 MB

MaxMetaspaceSize: unlimited
CompressedClassSpaceSize: 1.00 GB
Initial GC threshold: 21.00 MB
Current GC threshold: 21.00 MB
CDS: off
 - commit_granule_bytes: 65536.
 - commit_granule_words: 8192.
 - virtual_space_node_default_size: 8388608.
 - enlarge_chunks_in_place: 1.
 - use_allocation_guard: 0.


Internal statistics:

num_allocs_failed_limit: 0.
num_arena_births: 18.
num_arena_deaths: 0.
num_vsnodes_births: 2.
num_vsnodes_deaths: 0.
num_space_committed: 173.
num_space_uncommitted: 0.
num_chunks_returned_to_freelist: 0.
num_chunks_taken_from_freelist: 53.
num_chunk_merges: 0.
num_chunk_splits: 26.
num_chunks_enlarged: 16.
num_inconsistent_stats: 0.

CodeHeap 'non-profiled nmethods': size=120000Kb used=110Kb max_used=110Kb free=119889Kb
 bounds [0x000001a987ad0000, 0x000001a987d40000, 0x000001a98f000000]
CodeHeap 'profiled nmethods': size=120000Kb used=584Kb max_used=584Kb free=119415Kb
 bounds [0x000001a980000000, 0x000001a980270000, 0x000001a987530000]
CodeHeap 'non-nmethods': size=5760Kb used=1483Kb max_used=1495Kb free=4277Kb
 bounds [0x000001a987530000, 0x000001a9877a0000, 0x000001a987ad0000]
 total_blobs=862 nmethods=408 adapters=358
 compilation: enabled
              stopped_count=0, restarted_count=0
 full_count=0

Compilation events (20 events):
Event: 0.257 Thread 0x000001a9fe9901c0  308       3       java.util.regex.Pattern::next (33 bytes)
Event: 0.258 Thread 0x000001a9fe9901c0 nmethod 308 0x000001a98006d810 code [0x000001a98006d9c0, 0x000001a98006dc28]
Event: 0.258 Thread 0x000001a9fe9901c0  309       3       java.util.regex.Pattern::peek (26 bytes)
Event: 0.258 Thread 0x000001a9fe9901c0 nmethod 309 0x000001a98006dd90 code [0x000001a98006df40, 0x000001a98006e1a8]
Event: 0.258 Thread 0x000001a9fe9901c0  310       3       java.util.regex.Pattern::append (43 bytes)
Event: 0.258 Thread 0x000001a9fe9901c0 nmethod 310 0x000001a98006e310 code [0x000001a98006e4e0, 0x000001a98006e8e8]
Event: 0.258 Thread 0x000001a9fe9901c0  305       3       jdk.internal.org.objectweb.asm.SymbolTable$Entry::<init> (17 bytes)
Event: 0.258 Thread 0x000001a9fe9901c0 nmethod 305 0x000001a98006ea90 code [0x000001a98006ec40, 0x000001a98006edc0]
Event: 0.259 Thread 0x000001a9fe9901c0  311       3       java.lang.invoke.MethodType::methodType (69 bytes)
Event: 0.259 Thread 0x000001a9fe9901c0 nmethod 311 0x000001a98006ee90 code [0x000001a98006f0a0, 0x000001a98006f578]
Event: 0.259 Thread 0x000001a9fe9901c0  312       3       java.lang.invoke.MemberName::allFlagsSet (16 bytes)
Event: 0.259 Thread 0x000001a9fe9901c0 nmethod 312 0x000001a98006f710 code [0x000001a98006f8a0, 0x000001a98006fa08]
Event: 0.261 Thread 0x000001a9fe9901c0  313       3       java.util.Arrays::asList (9 bytes)
Event: 0.262 Thread 0x000001a9fe9901c0 nmethod 313 0x000001a98006fa90 code [0x000001a98006fc60, 0x000001a9800700e8]
Event: 0.262 Thread 0x000001a9fe9901c0  314       3       java.util.Arrays$ArrayList::<init> (16 bytes)
Event: 0.262 Thread 0x000001a9fe9901c0 nmethod 314 0x000001a980070290 code [0x000001a980070460, 0x000001a980070848]
Event: 0.262 Thread 0x000001a9fe9901c0  315       3       java.util.Collections::emptyList (4 bytes)
Event: 0.262 Thread 0x000001a9fe9901c0 nmethod 315 0x000001a980070a10 code [0x000001a980070ba0, 0x000001a980070c98]
Event: 0.264 Thread 0x000001a9fe9901c0  316       3       sun.security.ssl.CipherSuite::<init> (112 bytes)
Event: 0.264 Thread 0x000001a9fe9901c0 nmethod 316 0x000001a980070d10 code [0x000001a980070fc0, 0x000001a980072020]

GC Heap History (0 events):
No events

Dll operation events (2 events):
Event: 0.031 Loaded shared library C:\Program Files\JetBrains\PhpStorm 2024.2.3\jbr\bin\java.dll
Event: 0.045 Loaded shared library C:\Program Files\JetBrains\PhpStorm 2024.2.3\jbr\bin\zip.dll

Deoptimization events (4 events):
Event: 0.247 Thread 0x000001a9f271d8c0 Uncommon trap: trap_request=0xffffff45 fr.pc=0x000001a987ae3274 relative=0x0000000000000074
Event: 0.247 Thread 0x000001a9f271d8c0 Uncommon trap: reason=unstable_if action=reinterpret pc=0x000001a987ae3274 method=java.lang.CharacterDataLatin1.toLowerCase(I)I @ 16 c2
Event: 0.247 Thread 0x000001a9f271d8c0 DEOPT PACKING pc=0x000001a987ae3274 sp=0x0000000e8a8fb0e0
Event: 0.247 Thread 0x000001a9f271d8c0 DEOPT UNPACKING pc=0x000001a987587da2 sp=0x0000000e8a8fb070 mode 2

Classes loaded (20 events):
Event: 0.260 Loading class sun/security/ssl/CipherSuite$MacAlg
Event: 0.260 Loading class sun/security/ssl/CipherSuite$MacAlg done
Event: 0.260 Loading class sun/security/ssl/CipherSuite$KeyExchange
Event: 0.260 Loading class sun/security/ssl/CipherSuite$KeyExchange done
Event: 0.260 Loading class sun/security/ssl/NamedGroup$NamedGroupSpec
Event: 0.260 Loading class sun/security/ssl/NamedGroup$NamedGroupScheme
Event: 0.260 Loading class sun/security/ssl/NamedGroup$NamedGroupScheme done
Event: 0.260 Loading class sun/security/ssl/NamedGroup$NamedGroupSpec done
Event: 0.260 Loading class sun/security/ssl/NamedGroup$ECDHEScheme
Event: 0.260 Loading class sun/security/ssl/NamedGroup$ECDHEScheme done
Event: 0.260 Loading class sun/security/ssl/NamedGroup
Event: 0.260 Loading class sun/security/ssl/NamedGroup done
Event: 0.260 Loading class sun/security/ssl/NamedGroup$FFDHEScheme
Event: 0.260 Loading class sun/security/ssl/NamedGroup$FFDHEScheme done
Event: 0.260 Loading class sun/security/ssl/NamedGroup$XDHScheme
Event: 0.260 Loading class sun/security/ssl/NamedGroup$XDHScheme done
Event: 0.261 Loading class sun/security/ssl/JsseJce
Event: 0.261 Loading class sun/security/ssl/JsseJce done
Event: 0.261 Loading class sun/security/ssl/Utilities
Event: 0.261 Loading class sun/security/ssl/Utilities done

Classes unloaded (0 events):
No events

Classes redefined (0 events):
No events

Internal exceptions (1 events):
Event: 0.246 Thread 0x000001a9f271d8c0 Exception <a 'sun/nio/fs/WindowsException'{0x00000007118512e8}> (0x00000007118512e8) 
thrown [s\src\hotspot\share\prims\jni.cpp, line 535]

ZGC Phase Switch (0 events):
No events

VM Operations (4 events):
Event: 0.149 Executing VM operation: HandshakeAllThreads (Deoptimize)
Event: 0.149 Executing VM operation: HandshakeAllThreads (Deoptimize) done
Event: 0.158 Executing VM operation: HandshakeAllThreads (Deoptimize)
Event: 0.158 Executing VM operation: HandshakeAllThreads (Deoptimize) done

Memory protections (0 events):
No events

Nmethod flushes (0 events):
No events

Events (16 events):
Event: 0.034 Thread 0x000001a9f271d8c0 Thread added: 0x000001a9f271d8c0
Event: 0.081 Thread 0x000001a9f271d8c0 Thread added: 0x000001a9fe986f60
Event: 0.081 Thread 0x000001a9f271d8c0 Thread added: 0x000001a9fe987f30
Event: 0.082 Thread 0x000001a9f271d8c0 Thread added: 0x000001a9fe98b090
Event: 0.082 Thread 0x000001a9f271d8c0 Thread added: 0x000001a9fe98cc60
Event: 0.083 Thread 0x000001a9f271d8c0 Thread added: 0x000001a9fe98d870
Event: 0.083 Thread 0x000001a9f271d8c0 Thread added: 0x000001a9fe98e480
Event: 0.083 Thread 0x000001a9f271d8c0 Thread added: 0x000001a9fe98f210
Event: 0.083 Thread 0x000001a9f271d8c0 Thread added: 0x000001a9fe9901c0
Event: 0.105 Thread 0x000001a9f271d8c0 Thread added: 0x000001a9feb52170
Event: 0.108 Thread 0x000001a9f271d8c0 Thread added: 0x000001a9feb54210
Event: 0.124 Loaded shared library C:\Program Files\JetBrains\PhpStorm 2024.2.3\jbr\bin\net.dll
Event: 0.141 Loaded shared library C:\Program Files\JetBrains\PhpStorm 2024.2.3\jbr\bin\nio.dll
Event: 0.146 Loaded shared library C:\Program Files\JetBrains\PhpStorm 2024.2.3\jbr\bin\zip.dll
Event: 0.195 Loaded shared library C:\Program Files\JetBrains\PhpStorm 2024.2.3\jbr\bin\jimage.dll
Event: 0.219 Loaded shared library C:\Program Files\JetBrains\PhpStorm 2024.2.3\jbr\bin\sunmscapi.dll


Dynamic libraries:
0x00007ff694120000 - 0x00007ff69412a000 	C:\Program Files\JetBrains\PhpStorm 2024.2.3\jbr\bin\java.exe
0x00007ffb7da10000 - 0x00007ffb7dc08000 	C:\Windows\SYSTEM32\ntdll.dll
0x00007ffb7bee0000 - 0x00007ffb7bf9d000 	C:\Windows\System32\KERNEL32.DLL
0x00007ffb7b4c0000 - 0x00007ffb7b7b6000 	C:\Windows\System32\KERNELBASE.dll
0x00007ffb7b1c0000 - 0x00007ffb7b2c0000 	C:\Windows\System32\ucrtbase.dll
0x00007ffb41740000 - 0x00007ffb41758000 	C:\Program Files\JetBrains\PhpStorm 2024.2.3\jbr\bin\jli.dll
0x00007ffb7d5c0000 - 0x00007ffb7d75e000 	C:\Windows\System32\USER32.dll
0x00007ffb7b190000 - 0x00007ffb7b1b2000 	C:\Windows\System32\win32u.dll
0x00007ffb7d8c0000 - 0x00007ffb7d8ec000 	C:\Windows\System32\GDI32.dll
0x00007ffb7b2c0000 - 0x00007ffb7b3da000 	C:\Windows\System32\gdi32full.dll
0x00007ffb7b0f0000 - 0x00007ffb7b18d000 	C:\Windows\System32\msvcp_win.dll
0x00007ffb417b0000 - 0x00007ffb417cb000 	C:\Program Files\JetBrains\PhpStorm 2024.2.3\jbr\bin\VCRUNTIME140.dll
0x00007ffb69a00000 - 0x00007ffb69c9a000 	C:\Windows\WinSxS\amd64_microsoft.windows.common-controls_6595b64144ccf1df_6.0.19041.3636_none_60b6a03d71f818d5\COMCTL32.dll
0x00007ffb7d160000 - 0x00007ffb7d1fe000 	C:\Windows\System32\msvcrt.dll
0x00007ffb7cdf0000 - 0x00007ffb7ce20000 	C:\Windows\System32\IMM32.DLL
0x00007ffb417a0000 - 0x00007ffb417ac000 	C:\Program Files\JetBrains\PhpStorm 2024.2.3\jbr\bin\vcruntime140_1.dll
0x00007ffb49db0000 - 0x00007ffb49e3d000 	C:\Program Files\JetBrains\PhpStorm 2024.2.3\jbr\bin\msvcp140.dll
0x00007ffb417d0000 - 0x00007ffb42587000 	C:\Program Files\JetBrains\PhpStorm 2024.2.3\jbr\bin\server\jvm.dll
0x00007ffb7d200000 - 0x00007ffb7d2af000 	C:\Windows\System32\ADVAPI32.dll
0x00007ffb7d820000 - 0x00007ffb7d8bc000 	C:\Windows\System32\sechost.dll
0x00007ffb7d350000 - 0x00007ffb7d476000 	C:\Windows\System32\RPCRT4.dll
0x00007ffb7ce20000 - 0x00007ffb7ce8b000 	C:\Windows\System32\WS2_32.dll
0x00007ffb7ab00000 - 0x00007ffb7ab4b000 	C:\Windows\SYSTEM32\POWRPROF.dll
0x00007ffb6a650000 - 0x00007ffb6a677000 	C:\Windows\SYSTEM32\WINMM.dll
0x00007ffb75890000 - 0x00007ffb7589a000 	C:\Windows\SYSTEM32\VERSION.dll
0x00007ffb7aad0000 - 0x00007ffb7aae2000 	C:\Windows\SYSTEM32\UMPDC.dll
0x00007ffb78a30000 - 0x00007ffb78a42000 	C:\Windows\SYSTEM32\kernel.appcore.dll
0x00007ffb41790000 - 0x00007ffb4179a000 	C:\Program Files\JetBrains\PhpStorm 2024.2.3\jbr\bin\jimage.dll
0x00007ffb55d90000 - 0x00007ffb55f74000 	C:\Windows\SYSTEM32\DBGHELP.DLL
0x00007ffb56580000 - 0x00007ffb565b4000 	C:\Windows\SYSTEM32\dbgcore.DLL
0x00007ffb7b430000 - 0x00007ffb7b4b2000 	C:\Windows\System32\bcryptPrimitives.dll
0x00007ffb41760000 - 0x00007ffb4177f000 	C:\Program Files\JetBrains\PhpStorm 2024.2.3\jbr\bin\java.dll
0x00007ffb41720000 - 0x00007ffb41738000 	C:\Program Files\JetBrains\PhpStorm 2024.2.3\jbr\bin\zip.dll
0x00007ffb7c4b0000 - 0x00007ffb7cbf4000 	C:\Windows\System32\SHELL32.dll
0x00007ffb79ce0000 - 0x00007ffb7a47b000 	C:\Windows\SYSTEM32\windows.storage.dll
0x00007ffb7bfa0000 - 0x00007ffb7c2f4000 	C:\Windows\System32\combase.dll
0x00007ffb7a9e0000 - 0x00007ffb7aa0d000 	C:\Windows\SYSTEM32\Wldp.dll
0x00007ffb7d770000 - 0x00007ffb7d81d000 	C:\Windows\System32\SHCORE.dll
0x00007ffb7cc00000 - 0x00007ffb7cc55000 	C:\Windows\System32\shlwapi.dll
0x00007ffb7b020000 - 0x00007ffb7b045000 	C:\Windows\SYSTEM32\profapi.dll
0x00007ffb41710000 - 0x00007ffb41720000 	C:\Program Files\JetBrains\PhpStorm 2024.2.3\jbr\bin\net.dll
0x00007ffb74c80000 - 0x00007ffb74d8a000 	C:\Windows\SYSTEM32\WINHTTP.dll
0x00007ffb79c70000 - 0x00007ffb79cda000 	C:\Windows\system32\mswsock.dll
0x00007ffb416f0000 - 0x00007ffb41706000 	C:\Program Files\JetBrains\PhpStorm 2024.2.3\jbr\bin\nio.dll
0x00007ffb41050000 - 0x00007ffb4105e000 	C:\Program Files\JetBrains\PhpStorm 2024.2.3\jbr\bin\sunmscapi.dll
0x00007ffb7b7f0000 - 0x00007ffb7b94d000 	C:\Windows\System32\CRYPT32.dll
0x00007ffb7aaa0000 - 0x00007ffb7aac7000 	C:\Windows\SYSTEM32\ncrypt.dll
0x0000000076ea0000 - 0x0000000076ec0000 	C:\Program Files\Common Files\Crypto Pro\AppCompat\cpcrypt.dll
0x0000000076e90000 - 0x0000000076e97000 	C:\Program Files\Common Files\Crypto Pro\AppCompat\detoured.dll
0x00007ffb7d480000 - 0x00007ffb7d488000 	C:\Windows\System32\PSAPI.DLL
0x00007ffb7aa20000 - 0x00007ffb7aa5b000 	C:\Windows\SYSTEM32\NTASN1.dll
0x00007ffb7aa60000 - 0x00007ffb7aa78000 	C:\Windows\SYSTEM32\CRYPTSP.dll
0x0000000076e70000 - 0x0000000076e81000 	C:\Program Files\Common Files\Crypto Pro\AppCompat\cpadvai.dll
0x00007ffb795c0000 - 0x00007ffb795f4000 	C:\Windows\system32\rsaenh.dll
0x000001a9fe7e0000 - 0x000001a9fe807000 	C:\Windows\System32\bcrypt.dll
0x00007ffb7afa0000 - 0x00007ffb7afce000 	C:\Windows\SYSTEM32\USERENV.dll
0x00007ffb7a8f0000 - 0x00007ffb7a8fc000 	C:\Windows\SYSTEM32\CRYPTBASE.dll
0x00007ffb79980000 - 0x00007ffb799bb000 	C:\Windows\SYSTEM32\IPHLPAPI.DLL
0x00007ffb7d040000 - 0x00007ffb7d048000 	C:\Windows\System32\NSI.dll

dbghelp: loaded successfully - version: 4.0.5 - missing functions: none
symbol engine: initialized successfully - sym options: 0x614 - pdb path: .;C:\Program Files\JetBrains\PhpStorm 2024.2.3\jbr\bin;C:\Windows\SYSTEM32;C:\Windows\WinSxS\amd64_microsoft.windows.common-controls_6595b64144ccf1df_6.0.19041.3636_none_60b6a03d71f818d5;C:\Program Files\JetBrains\PhpStorm 2024.2.3\jbr\bin\server;C:\Program Files\Common Files\Crypto Pro\AppCompat

VM Arguments:
java_command: git4idea.http.GitAskPassApp Username for 'https://github.com': 
java_class_path (initial): C:/Program Files/JetBrains/PhpStorm 2024.2.3/plugins/vcs-git/lib/git4idea-rt.jar;C:/Program Files/JetBrains/PhpStorm 2024.2.3/lib/externalProcess-rt.jar
Launcher Type: SUN_STANDARD

[Global flags]
     intx CICompilerCount                          = 4                                         {product} {ergonomic}
     uint ConcGCThreads                            = 3                                         {product} {ergonomic}
     uint G1ConcRefinementThreads                  = 10                                        {product} {ergonomic}
   size_t G1HeapRegionSize                         = 2097152                                   {product} {ergonomic}
    uintx GCDrainStackTargetSize                   = 64                                        {product} {ergonomic}
   size_t InitialHeapSize                          = 268435456                                 {product} {ergonomic}
   size_t MarkStackSize                            = 4194304                                   {product} {ergonomic}
   size_t MaxHeapSize                              = 4263510016                                {product} {ergonomic}
   size_t MaxNewSize                               = 2556428288                                {product} {ergonomic}
   size_t MinHeapDeltaBytes                        = 2097152                                   {product} {ergonomic}
   size_t MinHeapSize                              = 8388608                                   {product} {ergonomic}
    uintx NonNMethodCodeHeapSize                   = 5839372                                {pd product} {ergonomic}
    uintx NonProfiledCodeHeapSize                  = 122909434                              {pd product} {ergonomic}
    uintx ProfiledCodeHeapSize                     = 122909434                              {pd product} {ergonomic}
    uintx ReservedCodeCacheSize                    = 251658240                              {pd product} {ergonomic}
     bool SegmentedCodeCache                       = true                                      {product} {ergonomic}
   size_t SoftMaxHeapSize                          = 4263510016                             {manageable} {ergonomic}
     bool UseCompressedOops                        = true                           {product lp64_product} {ergonomic}
     bool UseG1GC                                  = true                                      {product} {ergonomic}
     bool UseLargePagesIndividualAllocation        = false                                  {pd product} {ergonomic}

Logging:
Log output configuration:
 #0: stdout all=warning uptime,level,tags foldmultilines=false
 #1: stderr all=off uptime,level,tags foldmultilines=false

Environment Variables:
PATH=C:\Program Files\Git\mingw64\libexec\git-core;C:\Program Files\Git\mingw64\libexec\git-core;C:\Program Files\Git\mingw64\bin;C:\Program Files\Git\usr\bin;C:\Users\tokmakov\bin;C:\Program Files (x86)\Common Files\Oracle\Java\java8path;C:\Program Files (x86)\Common Files\Oracle\Java\javapath;C:\Program Files (x86)\VMware\VMware Workstation\bin;C:\Windows\system32;C:\Windows;C:\Windows\System32\Wbem;C:\Windows\System32\WindowsPowerShell\v1.0;C:\Windows\System32\OpenSSH;C:\Program Files\Microsoft SQL Server\Client SDK\ODBC\170\Tools\Binn;C:\Program Files\Microsoft SQL Server\150\Tools\Binn;C:\Program Files\dotnet;C:\Program Files\PuTTY;C:\Program Files\Git\cmd;C:\Program Files\Cloudflare\Cloudflare WARP;C:\OSPanel\bin;C:\Users\tokmakov\AppData\Local\Programs\Python\Python311\Scripts;C:\Users\tokmakov\AppData\Local\Programs\Python\Python311;C:\Users\tokmakov\AppData\Local\Microsoft\WindowsApps;C:\Program Files\JetBrains\PyCharm Community Edition 2022.2.3\bin;C:\Program Files\JetBrains\WebStorm 2022.2.3\bin;C:\Users\tokmakov\.dotnet\tools;C:\Program Files\JetBrains\PhpStorm 2024.2.3\bin;C:\Program Files (x86)\Midnight Commander
USERNAME=tokmakov
DISPLAY=:0.0
LC_ALL=en_US.UTF-8
TERM=xterm-256color
TMPDIR=C:\Users\tokmakov\AppData\Local\Temp
OS=Windows_NT
PROCESSOR_IDENTIFIER=Intel64 Family 6 Model 167 Stepping 1, GenuineIntel
TMP=C:\Users\tokmakov\AppData\Local\Temp
TEMP=C:\Users\tokmakov\AppData\Local\Temp




Periodic native trim disabled

JNI global refs:
JNI global refs: 19, weak refs: 0

JNI global refs memory usage: 835, weak refs: 201

Process memory usage:
Resident Set Size: 52384K (0% of 16653328K total physical memory with 5767852K free physical memory)

OOME stack traces (most recent first):
Classloader memory used:
Loader bootstrap                                                                       : 10760K
Loader jdk.internal.loader.ClassLoaders$PlatformClassLoader                            : 161K
Loader jdk.internal.loader.ClassLoaders$AppClassLoader                                 : 16400B

---------------  S Y S T E M  ---------------

OS:
 Windows 10 , 64 bit Build 19041 (10.0.19041.3636)
OS uptime: 1 days 20:21 hours
Hyper-V role detected

CPU: total 12 (initial active 12) (6 cores per cpu, 2 threads per core) family 6 model 167 stepping 1 microcode 0x44, cx8, cmov, fxsr, ht, mmx, 3dnowpref, sse, sse2, sse3, ssse3, sse4.1, sse4.2, popcnt, lzcnt, tsc, tscinvbit, avx, avx2, aes, erms, clmul, bmi1, bmi2, adx, avx512f, avx512dq, avx512cd, avx512bw, avx512vl, sha, fma, vzeroupper, avx512_vpopcntdq, avx512_vpclmulqdq, avx512_vaes, avx512_vnni, clflush, clflushopt, avx512_vbmi2, avx512_vbmi, hv, rdtscp, rdpid, fsrm, gfni, avx512_bitalg, f16c, avx512_ifma
Processor Information for all 12 processors :
  Max Mhz: 2592, Current Mhz: 2592, Mhz Limit: 2592

Memory: 4k page, system-wide physical 16263M (5632M free)
TotalPageFile size 65415M (AvailPageFile size 49573M)
current process WorkingSet (physical memory assigned to process): 51M, peak: 51M
current process commit charge ("private bytes"): 347M, peak: 347M

vm_info: OpenJDK 64-Bit Server VM (21.0.4+13-b509.17) for windows-amd64 JRE (21.0.4+13-b509.17), built on 2024-09-04 by "builduser" with MS VC++ 16.10 / 16.11 (VS2019)

END.
